<?xml version="1.0" encoding="UTF-8"?>
<coverage generated="1733144118246" clover="3.2.0">
  <project timestamp="1733144118247" name="All files">
    <metrics statements="13" coveredstatements="11" conditionals="0" coveredconditionals="0" methods="4" coveredmethods="2" elements="17" coveredelements="13" complexity="0" loc="13" ncloc="13" packages="2" files="2" classes="2"/>
    <package name="public.assets">
      <metrics statements="1" coveredstatements="1" conditionals="0" coveredconditionals="0" methods="0" coveredmethods="0"/>
      <file name="logo.png" path="C:\Productzilla Academy\TUGAS\tugas ke 7 unit testing\Folder Baru\my-portfolio\public\assets\logo.png">
        <metrics statements="1" coveredstatements="1" conditionals="0" coveredconditionals="0" methods="0" coveredmethods="0"/>
        <line num="1" count="1" type="stmt"/>
      </file>
    </package>
    <package name="src.component">
      <metrics statements="12" coveredstatements="10" conditionals="0" coveredconditionals="0" methods="4" coveredmethods="2"/>
      <file name="Navbar.tsx" path="C:\Productzilla Academy\TUGAS\tugas ke 7 unit testing\Folder Baru\my-portfolio\src\component\Navbar.tsx">
        <metrics statements="12" coveredstatements="10" conditionals="0" coveredconditionals="0" methods="4" coveredmethods="2"/>
        <line num="1" count="1" type="stmt"/>
        <line num="3" count="1" type="stmt"/>
        <line num="7" count="1" type="stmt"/>
        <line num="8" count="1" type="stmt"/>
        <line num="10" count="1" type="stmt"/>
        <line num="11" count="1" type="stmt"/>
        <line num="13" count="1" type="stmt"/>
        <line num="14" count="0" type="stmt"/>
        <line num="16" count="1" type="stmt"/>
        <line num="17" count="0" type="stmt"/>
        <line num="20" count="1" type="stmt"/>
        <line num="50" count="1" type="stmt"/>
      </file>
    </package>
  </project>
</coverage>
