{"C:\\Productzilla Academy\\TUGAS\\tugas ke 7 unit testing\\Folder Baru\\my-portfolio\\public\\assets\\logo.png": {"path":"C:\\Productzilla Academy\\TUGAS\\tugas ke 7 unit testing\\Folder Baru\\my-portfolio\\public\\assets\\logo.png","statementMap":{"0":{"start":{"line":1,"column":0},"end":{"line":1,"column":19}}},"fnMap":{},"branchMap":{},"s":{"0":1},"f":{},"b":{},"_coverageSchema":"1a1c01bbd47fc00a2c39e90264f33305004495a9","hash":"772e5a2a48a03ae08a2126585033a6d339beedb1"}
,"C:\\Productzilla Academy\\TUGAS\\tugas ke 7 unit testing\\Folder Baru\\my-portfolio\\src\\component\\Navbar.tsx": {"path":"C:\\Productzilla Academy\\TUGAS\\tugas ke 7 unit testing\\Folder Baru\\my-portfolio\\src\\component\\Navbar.tsx","statementMap":{"0":{"start":{"line":1,"column":0},"end":{"line":1,"column":56}},"1":{"start":{"line":3,"column":0},"end":{"line":3,"column":47}},"2":{"start":{"line":7,"column":15},"end":{"line":48,"column":1}},"3":{"start":{"line":8,"column":21},"end":{"line":8,"column":34}},"4":{"start":{"line":10,"column":23},"end":{"line":12,"column":5}},"5":{"start":{"line":11,"column":8},"end":{"line":11,"column":null}},"6":{"start":{"line":13,"column":23},"end":{"line":15,"column":5}},"7":{"start":{"line":14,"column":8},"end":{"line":14,"column":null}},"8":{"start":{"line":16,"column":29},"end":{"line":18,"column":5}},"9":{"start":{"line":17,"column":8},"end":{"line":17,"column":null}},"10":{"start":{"line":20,"column":4},"end":{"line":47,"column":null}},"11":{"start":{"line":50,"column":0},"end":{"line":50,"column":null}}},"fnMap":{"0":{"name":"(anonymous_1)","decl":{"start":{"line":7,"column":15},"end":{"line":7,"column":null}},"loc":{"start":{"line":7,"column":15},"end":{"line":48,"column":1}}},"1":{"name":"(anonymous_2)","decl":{"start":{"line":10,"column":23},"end":{"line":10,"column":null}},"loc":{"start":{"line":10,"column":23},"end":{"line":12,"column":5}}},"2":{"name":"(anonymous_3)","decl":{"start":{"line":13,"column":23},"end":{"line":13,"column":null}},"loc":{"start":{"line":13,"column":23},"end":{"line":15,"column":5}}},"3":{"name":"(anonymous_4)","decl":{"start":{"line":16,"column":29},"end":{"line":16,"column":null}},"loc":{"start":{"line":16,"column":29},"end":{"line":18,"column":5}}}},"branchMap":{},"s":{"0":1,"1":1,"2":1,"3":1,"4":1,"5":1,"6":1,"7":0,"8":1,"9":0,"10":1,"11":1},"f":{"0":1,"1":1,"2":0,"3":0},"b":{}}
}
